473
1 1 3 4
7 8 9 11
7 8 9 11
0 3 2 6
0 8 2 11
1 13 3 16
1 13 3 16
0 14 2 17
0 18 2 21
0 22 2 25
0 26 2 29
0 31 3 33
0 34 2 37
2 40 4 43
2 40 4 43
2 43 5 45
0 42 2 45
1 47 3 50
0 47 2 50
1 52 3 55
1 52 3 55
2 55 4 58
2 57 4 60
1 59 4 61
1 60 3 63
3 63 5 66
3 63 5 66
0 62 2 65
3 69 5 72
2 70 4 73
0 70 2 73
4 79 7 81
1 77 3 80
8 85 10 88
8 85 10 88
0 80 3 82
1 84 3 87
13 97 15 100
0 85 2 88
2 91 4 94
2 91 4 94
1 92 3 95
2 96 4 99
2 97 4 100
2 97 4 100
1 99 4 101
2 101 4 104
0 100 2 103
4 107 6 110
3 109 6 111
3 110 5 113
0 108 2 111
6 117 8 120
0 113 2 116
2 120 4 123
8 127 10 130
8 127 10 130
1 122 3 125
0 123 2 126
1 129 4 131
2 131 4 134
6 136 8 139
1 132 3 135
1 133 3 136
1 133 3 136
1 135 3 138
1 138 3 141
1 139 3 142
1 139 3 142
3 143 5 146
1 143 3 146
2 147 5 149
2 147 4 150
6 153 8 156
0 150 2 153
4 158 6 161
1 156 3 159
4 160 6 163
4 160 6 163
0 159 3 161
0 162 2 165
5 171 7 174
3 170 5 173
2 170 4 173
2 170 4 173
0 170 2 173
0 175 2 178
0 179 2 182
1 184 3 187
7 191 9 194
0 185 2 188
0 189 2 192
0 193 2 196
7 204 9 207
1 199 3 202
9 208 11 211
3 203 5 206
2 203 4 206
2 203 4 206
3 206 5 209
1 207 3 210
5 212 7 215
4 212 6 215
2 211 4 214
0 210 2 213
4 218 6 221
4 218 6 221
0 216 2 219
0 221 2 224
0 225 2 228
0 229 2 232
3 236 5 239
3 236 5 239
3 238 5 241
1 238 3 241
1 240 3 243
0 241 2 244
0 246 3 248
1 250 3 253
9 259 11 262
6 257 8 260
0 252 2 255
2 257 4 260
3 261 6 263
3 261 5 264
0 260 2 263
3 268 5 271
2 268 4 271
2 268 4 271
3 272 6 274
2 272 4 275
2 273 4 276
2 273 4 276
1 275 4 277
1 275 3 278
1 277 3 280
2 280 4 283
1 282 4 284
1 282 3 285
6 289 8 292
3 288 5 291
0 287 2 290
0 291 2 294
0 295 2 298
6 306 8 309
2 303 4 306
2 303 4 306
0 304 3 306
0 307 2 310
1 312 3 315
0 312 2 315
10 326 12 329
3 320 5 323
2 320 4 323
1 320 3 323
13 333 15 336
1 322 3 325
2 324 4 327
2 324 4 327
0 324 2 327
0 329 2 332
0 333 2 336
1 337 3 340
0 338 2 341
2 344 4 347
3 348 6 350
1 346 3 349
13 360 15 363
0 350 2 353
1 355 3 358
1 355 3 358
1 358 4 360
5 362 7 365
4 363 6 366
5 367 7 370
19 382 21 385
2 366 4 369
1 366 3 369
0 366 2 369
4 374 6 377
4 374 6 377
2 374 4 377
2 376 4 379
1 377 3 380
0 378 2 381
3 385 5 388
1 386 3 389
0 386 2 389
0 390 2 393
22 416 24 419
4 399 6 402
1 397 3 400
0 397 2 400
7 408 9 411
3 405 5 408
13 416 15 419
2 406 4 409
3 408 5 411
0 406 2 409
6 416 8 419
3 414 5 417
1 413 3 416
1 413 3 416
3 418 6 420
1 417 3 420
0 417 2 420
6 426 8 429
6 428 8 431
1 426 3 429
4 430 6 433
1 428 3 431
0 428 2 431
2 434 4 437
0 433 2 436
0 437 2 440
2 443 4 446
2 443 4 446
2 446 5 448
1 446 3 449
1 447 3 450
1 447 3 450
0 448 2 451
3 455 5 458
1 456 4 458
4 460 6 463
2 459 4 462
0 458 2 461
1 463 3 466
1 463 3 466
0 465 3 467
0 468 2 471
0 472 2 475
1 476 3 479
0 477 2 480
0 482 2 485
6 492 8 495
6 492 8 495
0 488 2 491
0 493 2 496
3 500 5 503
3 500 5 503
0 500 3 502
2 505 4 508
4 508 6 511
4 508 6 511
2 509 5 511
1 509 3 512
0 509 2 512
0 513 2 516
1 518 3 521
0 518 2 521
4 526 6 529
0 523 2 526
1 528 3 531
1 528 3 531
1 530 3 533
0 532 2 535
3 539 5 542
0 537 2 540
4 545 6 548
1 543 3 546
4 547 6 550
4 547 6 550
1 547 4 549
2 548 4 551
2 551 5 553
1 550 3 553
2 553 4 556
0 554 2 557
0 558 2 561
0 562 2 565
2 568 4 571
2 568 4 571
1 570 4 572
1 571 3 574
4 575 6 578
3 575 5 578
3 576 5 579
0 574 2 577
0 578 2 581
7 589 9 592
1 584 3 587
1 584 3 587
0 586 3 588
0 589 2 592
4 597 6 600
0 594 2 597
2 600 4 603
0 599 2 602
11 614 13 617
4 608 6 611
3 608 5 611
3 608 5 611
2 609 4 612
1 611 3 614
4 615 6 618
2 614 4 617
3 616 5 619
3 616 5 619
0 615 2 618
1 620 3 623
1 623 4 625
3 625 5 628
0 624 2 627
1 629 3 632
3 633 5 636
0 632 2 635
2 638 4 641
1 640 3 643
1 641 3 644
0 641 2 644
0 645 2 648
1 650 3 653
1 651 3 654
1 651 3 654
0 652 2 655
0 656 2 659
0 660 2 663
0 664 2 667
0 669 3 671
1 672 3 675
1 674 3 677
2 678 4 681
2 679 4 682
1 679 3 682
1 680 3 683
0 680 2 683
3 687 5 690
0 685 2 688
3 692 5 695
3 692 5 695
4 696 7 698
0 693 2 696
3 700 5 703
0 698 2 701
2 704 4 707
0 703 2 706
2 709 4 712
0 708 2 711
3 715 5 718
2 715 4 718
3 717 5 720
2 717 4 720
2 718 4 721
2 718 4 721
0 719 3 721
2 723 4 726
7 730 9 733
2 727 4 730
0 727 2 730
2 733 4 736
1 735 4 737
2 736 4 739
2 738 4 741
2 740 4 743
1 742 4 744
3 744 5 747
2 746 5 748
1 746 3 749
10 756 12 759
10 756 12 759
2 750 4 753
0 750 2 753
1 755 3 758
0 756 2 759
1 762 4 764
6 768 8 771
10 773 12 776
3 767 5 770
4 769 6 772
0 766 2 769
1 771 3 774
1 771 3 774
0 773 3 775
1 777 3 780
0 777 2 780
0 781 2 784
0 785 2 788
0 789 2 792
6 799 8 802
0 794 2 797
0 798 2 801
1 802 3 805
11 815 14 817
2 806 4 809
0 807 3 809
1 811 3 814
0 811 2 814
0 815 2 818
6 825 8 828
6 825 8 828
3 825 6 827
1 823 3 826
0 824 2 827
1 829 3 832
2 832 4 835
1 834 3 837
0 834 2 837
0 838 2 841
3 845 5 848
2 845 4 848
2 846 4 849
2 846 4 849
0 847 3 849
7 856 9 859
2 854 5 856
1 853 3 856
0 855 3 857
3 860 5 863
1 860 3 863
7 869 9 872
2 865 4 868
2 865 4 868
1 867 4 869
3 869 5 872
9 877 11 880
3 873 5 876
1 874 4 876
6 879 8 882
0 876 3 878
1 880 3 883
2 882 4 885
1 882 3 885
1 883 3 886
1 883 3 886
0 884 2 887
0 888 2 891
0 893 3 895
0 896 2 899
2 902 4 905
0 901 2 904
1 906 3 909
1 906 3 909
0 908 3 910
1 911 3 914
0 912 2 915
1 917 3 920
0 918 2 921
0 922 2 925
4 930 6 933
0 929 2 932
4 937 6 940
2 936 4 939
1 936 3 939
1 936 3 939
0 938 3 940
0 941 2 944
5 950 7 953
1 947 3 950
1 948 3 951
1 948 3 951
3 953 6 955
4 955 6 958
1 953 3 956
1 953 3 956
0 954 2 957
2 960 4 963
1 961 3 964
12 974 14 977
2 967 5 969
1 967 3 970
2 969 4 972
0 968 2 971
2 974 4 977
2 974 4 977
0 974 2 977
1 979 3 982
0 980 2 983
3 987 5 990
2 989 5 991
2 989 4 992
1 990 3 993
0 992 2 995
