67
0 0 2 3
0 4 2 7
0 8 2 11
0 12 2 15
0 16 2 19
0 20 2 23
0 24 2 27
0 28 2 31
0 32 2 35
0 36 2 39
0 40 2 43
0 44 2 47
0 48 2 51
0 52 2 55
0 56 2 59
0 60 2 63
0 64 2 67
0 68 2 71
0 72 2 75
0 76 2 79
0 80 2 83
0 84 2 87
1 88 3 91
0 89 2 92
0 93 2 96
0 97 2 100
0 102 2 105
1 106 2 110
0 107 2 110
0 111 2 114
0 115 2 118
0 119 2 122
0 123 2 126
0 127 2 130
2 133 4 136
2 135 4 138
0 135 2 138
0 139 2 142
0 143 2 146
0 147 2 150
0 151 2 154
0 155 2 158
0 159 2 162
0 163 2 166
0 167 2 170
0 171 2 174
0 175 2 178
0 179 2 182
0 183 2 186
0 187 2 190
0 191 2 194
2 198 5 200
3 199 5 202
2 201 5 203
0 200 2 203
0 204 2 207
0 208 2 211
0 212 2 215
0 216 2 219
0 220 2 223
1 224 3 227
0 226 3 228
0 229 2 232
0 233 2 236
0 237 2 240
0 241 2 244
0 245 2 248
